<?xml version="1.0" encoding="UTF-8"?>
<testsuite xmlns:xsi="http://www.w3.org/2001/XMLSchema-instance" xsi:noNamespaceSchemaLocation="https://maven.apache.org/surefire/maven-surefire-plugin/xsd/surefire-test-report-3.0.xsd" version="3.0" name="Cucumber.Options.TestRunnner" time="5.376" tests="4" errors="0" skipped="0" failures="0">
  <properties>
    <property name="java.specification.version" value="21"/>
    <property name="sun.jnu.encoding" value="UTF-8"/>
    <property name="java.class.path" value="/Users/supriyachaudhari/eclipse-workspace/APIFramework/target/test-classes:/Users/supriyachaudhari/eclipse-workspace/APIFramework/target/classes:/Users/supriyachaudhari/.m2/repository/io/rest-assured/rest-assured/5.4.0/rest-assured-5.4.0.jar:/Users/supriyachaudhari/.m2/repository/org/apache/groovy/groovy/4.0.16/groovy-4.0.16.jar:/Users/supriyachaudhari/.m2/repository/org/apache/groovy/groovy-xml/4.0.16/groovy-xml-4.0.16.jar:/Users/supriyachaudhari/.m2/repository/org/apache/httpcomponents/httpclient/4.5.13/httpclient-4.5.13.jar:/Users/supriyachaudhari/.m2/repository/org/apache/httpcomponents/httpcore/4.4.13/httpcore-4.4.13.jar:/Users/supriyachaudhari/.m2/repository/commons-logging/commons-logging/1.2/commons-logging-1.2.jar:/Users/supriyachaudhari/.m2/repository/commons-codec/commons-codec/1.11/commons-codec-1.11.jar:/Users/supriyachaudhari/.m2/repository/org/apache/httpcomponents/httpmime/4.5.13/httpmime-4.5.13.jar:/Users/supriyachaudhari/.m2/repository/org/hamcrest/hamcrest/2.2/hamcrest-2.2.jar:/Users/supriyachaudhari/.m2/repository/org/ccil/cowan/tagsoup/tagsoup/1.2.1/tagsoup-1.2.1.jar:/Users/supriyachaudhari/.m2/repository/io/rest-assured/json-path/5.4.0/json-path-5.4.0.jar:/Users/supriyachaudhari/.m2/repository/org/apache/groovy/groovy-json/4.0.16/groovy-json-4.0.16.jar:/Users/supriyachaudhari/.m2/repository/io/rest-assured/rest-assured-common/5.4.0/rest-assured-common-5.4.0.jar:/Users/supriyachaudhari/.m2/repository/io/rest-assured/xml-path/5.4.0/xml-path-5.4.0.jar:/Users/supriyachaudhari/.m2/repository/org/apache/commons/commons-lang3/3.11/commons-lang3-3.11.jar:/Users/supriyachaudhari/.m2/repository/io/cucumber/cucumber-java/7.16.1/cucumber-java-7.16.1.jar:/Users/supriyachaudhari/.m2/repository/io/cucumber/cucumber-core/7.16.1/cucumber-core-7.16.1.jar:/Users/supriyachaudhari/.m2/repository/io/cucumber/cucumber-gherkin/7.16.1/cucumber-gherkin-7.16.1.jar:/Users/supriyachaudhari/.m2/repository/io/cucumber/cucumber-gherkin-messages/7.16.1/cucumber-gherkin-messages-7.16.1.jar:/Users/supriyachaudhari/.m2/repository/io/cucumber/gherkin/28.0.0/gherkin-28.0.0.jar:/Users/supriyachaudhari/.m2/repository/io/cucumber/messages/24.1.0/messages-24.1.0.jar:/Users/supriyachaudhari/.m2/repository/io/cucumber/tag-expressions/6.1.0/tag-expressions-6.1.0.jar:/Users/supriyachaudhari/.m2/repository/io/cucumber/cucumber-expressions/17.1.0/cucumber-expressions-17.1.0.jar:/Users/supriyachaudhari/.m2/repository/io/cucumber/datatable/7.16.1/datatable-7.16.1.jar:/Users/supriyachaudhari/.m2/repository/io/cucumber/cucumber-plugin/7.16.1/cucumber-plugin-7.16.1.jar:/Users/supriyachaudhari/.m2/repository/io/cucumber/docstring/7.16.1/docstring-7.16.1.jar:/Users/supriyachaudhari/.m2/repository/io/cucumber/html-formatter/21.3.0/html-formatter-21.3.0.jar:/Users/supriyachaudhari/.m2/repository/io/cucumber/junit-xml-formatter/0.3.0/junit-xml-formatter-0.3.0.jar:/Users/supriyachaudhari/.m2/repository/io/cucumber/ci-environment/10.0.1/ci-environment-10.0.1.jar:/Users/supriyachaudhari/.m2/repository/org/apiguardian/apiguardian-api/1.1.2/apiguardian-api-1.1.2.jar:/Users/supriyachaudhari/.m2/repository/io/cucumber/cucumber-junit/7.16.1/cucumber-junit-7.16.1.jar:/Users/supriyachaudhari/.m2/repository/junit/junit/4.13.2/junit-4.13.2.jar:/Users/supriyachaudhari/.m2/repository/org/hamcrest/hamcrest-core/1.3/hamcrest-core-1.3.jar:/Users/supriyachaudhari/.m2/repository/com/fasterxml/jackson/core/jackson-databind/2.17.0/jackson-databind-2.17.0.jar:/Users/supriyachaudhari/.m2/repository/com/fasterxml/jackson/core/jackson-annotations/2.17.0/jackson-annotations-2.17.0.jar:/Users/supriyachaudhari/.m2/repository/com/fasterxml/jackson/core/jackson-core/2.17.0/jackson-core-2.17.0.jar:/Users/supriyachaudhari/.m2/repository/net/bytebuddy/byte-buddy/1.14.9/byte-buddy-1.14.9.jar:/Users/supriyachaudhari/.m2/repository/org/codehaus/groovy/groovy/3.0.21/groovy-3.0.21.jar:"/>
    <property name="java.vm.vendor" value="Oracle Corporation"/>
    <property name="sun.arch.data.model" value="64"/>
    <property name="java.vendor.url" value="https://java.oracle.com/"/>
    <property name="os.name" value="Mac OS X"/>
    <property name="java.vm.specification.version" value="21"/>
    <property name="sun.java.launcher" value="SUN_STANDARD"/>
    <property name="user.country" value="IN"/>
    <property name="sun.boot.library.path" value="/Library/Java/JavaVirtualMachines/jdk-21.jdk/Contents/Home/lib"/>
    <property name="sun.java.command" value="/Users/supriyachaudhari/eclipse-workspace/APIFramework/target/surefire/surefirebooter-20250612052641857_3.jar /Users/supriyachaudhari/eclipse-workspace/APIFramework/target/surefire 2025-06-12T05-26-41_793-jvmRun1 surefire-20250612052641857_1tmp surefire_0-20250612052641857_2tmp"/>
    <property name="http.nonProxyHosts" value="local|*.local|169.254/16|*.169.254/16"/>
    <property name="jdk.debug" value="release"/>
    <property name="surefire.test.class.path" value="/Users/supriyachaudhari/eclipse-workspace/APIFramework/target/test-classes:/Users/supriyachaudhari/eclipse-workspace/APIFramework/target/classes:/Users/supriyachaudhari/.m2/repository/io/rest-assured/rest-assured/5.4.0/rest-assured-5.4.0.jar:/Users/supriyachaudhari/.m2/repository/org/apache/groovy/groovy/4.0.16/groovy-4.0.16.jar:/Users/supriyachaudhari/.m2/repository/org/apache/groovy/groovy-xml/4.0.16/groovy-xml-4.0.16.jar:/Users/supriyachaudhari/.m2/repository/org/apache/httpcomponents/httpclient/4.5.13/httpclient-4.5.13.jar:/Users/supriyachaudhari/.m2/repository/org/apache/httpcomponents/httpcore/4.4.13/httpcore-4.4.13.jar:/Users/supriyachaudhari/.m2/repository/commons-logging/commons-logging/1.2/commons-logging-1.2.jar:/Users/supriyachaudhari/.m2/repository/commons-codec/commons-codec/1.11/commons-codec-1.11.jar:/Users/supriyachaudhari/.m2/repository/org/apache/httpcomponents/httpmime/4.5.13/httpmime-4.5.13.jar:/Users/supriyachaudhari/.m2/repository/org/hamcrest/hamcrest/2.2/hamcrest-2.2.jar:/Users/supriyachaudhari/.m2/repository/org/ccil/cowan/tagsoup/tagsoup/1.2.1/tagsoup-1.2.1.jar:/Users/supriyachaudhari/.m2/repository/io/rest-assured/json-path/5.4.0/json-path-5.4.0.jar:/Users/supriyachaudhari/.m2/repository/org/apache/groovy/groovy-json/4.0.16/groovy-json-4.0.16.jar:/Users/supriyachaudhari/.m2/repository/io/rest-assured/rest-assured-common/5.4.0/rest-assured-common-5.4.0.jar:/Users/supriyachaudhari/.m2/repository/io/rest-assured/xml-path/5.4.0/xml-path-5.4.0.jar:/Users/supriyachaudhari/.m2/repository/org/apache/commons/commons-lang3/3.11/commons-lang3-3.11.jar:/Users/supriyachaudhari/.m2/repository/io/cucumber/cucumber-java/7.16.1/cucumber-java-7.16.1.jar:/Users/supriyachaudhari/.m2/repository/io/cucumber/cucumber-core/7.16.1/cucumber-core-7.16.1.jar:/Users/supriyachaudhari/.m2/repository/io/cucumber/cucumber-gherkin/7.16.1/cucumber-gherkin-7.16.1.jar:/Users/supriyachaudhari/.m2/repository/io/cucumber/cucumber-gherkin-messages/7.16.1/cucumber-gherkin-messages-7.16.1.jar:/Users/supriyachaudhari/.m2/repository/io/cucumber/gherkin/28.0.0/gherkin-28.0.0.jar:/Users/supriyachaudhari/.m2/repository/io/cucumber/messages/24.1.0/messages-24.1.0.jar:/Users/supriyachaudhari/.m2/repository/io/cucumber/tag-expressions/6.1.0/tag-expressions-6.1.0.jar:/Users/supriyachaudhari/.m2/repository/io/cucumber/cucumber-expressions/17.1.0/cucumber-expressions-17.1.0.jar:/Users/supriyachaudhari/.m2/repository/io/cucumber/datatable/7.16.1/datatable-7.16.1.jar:/Users/supriyachaudhari/.m2/repository/io/cucumber/cucumber-plugin/7.16.1/cucumber-plugin-7.16.1.jar:/Users/supriyachaudhari/.m2/repository/io/cucumber/docstring/7.16.1/docstring-7.16.1.jar:/Users/supriyachaudhari/.m2/repository/io/cucumber/html-formatter/21.3.0/html-formatter-21.3.0.jar:/Users/supriyachaudhari/.m2/repository/io/cucumber/junit-xml-formatter/0.3.0/junit-xml-formatter-0.3.0.jar:/Users/supriyachaudhari/.m2/repository/io/cucumber/ci-environment/10.0.1/ci-environment-10.0.1.jar:/Users/supriyachaudhari/.m2/repository/org/apiguardian/apiguardian-api/1.1.2/apiguardian-api-1.1.2.jar:/Users/supriyachaudhari/.m2/repository/io/cucumber/cucumber-junit/7.16.1/cucumber-junit-7.16.1.jar:/Users/supriyachaudhari/.m2/repository/junit/junit/4.13.2/junit-4.13.2.jar:/Users/supriyachaudhari/.m2/repository/org/hamcrest/hamcrest-core/1.3/hamcrest-core-1.3.jar:/Users/supriyachaudhari/.m2/repository/com/fasterxml/jackson/core/jackson-databind/2.17.0/jackson-databind-2.17.0.jar:/Users/supriyachaudhari/.m2/repository/com/fasterxml/jackson/core/jackson-annotations/2.17.0/jackson-annotations-2.17.0.jar:/Users/supriyachaudhari/.m2/repository/com/fasterxml/jackson/core/jackson-core/2.17.0/jackson-core-2.17.0.jar:/Users/supriyachaudhari/.m2/repository/net/bytebuddy/byte-buddy/1.14.9/byte-buddy-1.14.9.jar:/Users/supriyachaudhari/.m2/repository/org/codehaus/groovy/groovy/3.0.21/groovy-3.0.21.jar:"/>
    <property name="sun.cpu.endian" value="little"/>
    <property name="user.home" value="/Users/supriyachaudhari"/>
    <property name="user.language" value="en"/>
    <property name="java.specification.vendor" value="Oracle Corporation"/>
    <property name="java.version.date" value="2025-04-15"/>
    <property name="java.home" value="/Library/Java/JavaVirtualMachines/jdk-21.jdk/Contents/Home"/>
    <property name="file.separator" value="/"/>
    <property name="basedir" value="/Users/supriyachaudhari/eclipse-workspace/APIFramework"/>
    <property name="java.vm.compressedOopsMode" value="Zero based"/>
    <property name="line.separator" value="&#10;"/>
    <property name="java.vm.specification.vendor" value="Oracle Corporation"/>
    <property name="java.specification.name" value="Java Platform API Specification"/>
    <property name="apple.awt.application.name" value="ForkedBooter"/>
    <property name="surefire.real.class.path" value="/Users/supriyachaudhari/eclipse-workspace/APIFramework/target/surefire/surefirebooter-20250612052641857_3.jar"/>
    <property name="sun.management.compiler" value="HotSpot 64-Bit Tiered Compilers"/>
    <property name="ftp.nonProxyHosts" value="local|*.local|169.254/16|*.169.254/16"/>
    <property name="java.runtime.version" value="21.0.7+8-LTS-245"/>
    <property name="user.name" value="supriyachaudhari"/>
    <property name="stdout.encoding" value="UTF-8"/>
    <property name="path.separator" value=":"/>
    <property name="os.version" value="15.3.2"/>
    <property name="java.runtime.name" value="Java(TM) SE Runtime Environment"/>
    <property name="file.encoding" value="UTF-8"/>
    <property name="java.vm.name" value="Java HotSpot(TM) 64-Bit Server VM"/>
    <property name="localRepository" value="/Users/supriyachaudhari/.m2/repository"/>
    <property name="java.vendor.url.bug" value="https://bugreport.java.com/bugreport/"/>
    <property name="java.io.tmpdir" value="/var/folders/lg/wft1bhcj2kn4dbnttr9ydtn80000gn/T/"/>
    <property name="java.version" value="21.0.7"/>
    <property name="user.dir" value="/Users/supriyachaudhari/eclipse-workspace/APIFramework"/>
    <property name="os.arch" value="x86_64"/>
    <property name="java.vm.specification.name" value="Java Virtual Machine Specification"/>
    <property name="native.encoding" value="UTF-8"/>
    <property name="java.library.path" value="/Users/supriyachaudhari/Library/Java/Extensions:/Library/Java/Extensions:/Network/Library/Java/Extensions:/System/Library/Java/Extensions:/usr/lib/java:."/>
    <property name="java.vm.info" value="mixed mode, sharing"/>
    <property name="stderr.encoding" value="UTF-8"/>
    <property name="java.vendor" value="Oracle Corporation"/>
    <property name="java.vm.version" value="21.0.7+8-LTS-245"/>
    <property name="sun.io.unicode.encoding" value="UnicodeBig"/>
    <property name="socksNonProxyHosts" value="local|*.local|169.254/16|*.169.254/16"/>
    <property name="java.class.version" value="65.0"/>
  </properties>
  <testcase name="Successfully add a new pet with valid details" classname="Validating Pet API" time="2.646">
    <system-out><![CDATA[
@tag @AddPet
Scenario Outline: Successfully add a new pet with valid details # src/main/resources/Feature/AddPet.feature:33
  Given I have a valid pet payload with 10 "doggie" "available" # StepDefinations.StepDefinations.i_have_a_valid_pet_payload_with(int,java.lang.String,java.lang.String)
Request URL: /pet
Response Status Code: 200
Response Body: {"id":10,"category":{"id":10,"name":"Dogs"},"name":"doggie","photoUrls":["string"],"tags":[{"id":0,"name":"string"}],"status":"available"}
  When user sends "AddPetAPI" with "post" http request          # StepDefinations.StepDefinations.user_sends_with_post_http_request(java.lang.String,java.lang.String)
  Then the response status code should be "200"                 # StepDefinations.StepDefinations.the_response_status_code_should_be(java.lang.String)
Checking key: name, Expected: doggie, Actual: doggie
  And the response should contain the "name" and "doggie"       # StepDefinations.StepDefinations.the_response_should_contain_the_and(java.lang.String,java.lang.String)
]]></system-out>
  </testcase>
  <testcase name="Successfully retrieve a pet by ID" classname="Validating Pet API" time="0.603">
    <system-out><![CDATA[
@tag @GetPet
Scenario Outline: Successfully retrieve a pet by ID       # src/main/resources/Feature/AddPet.feature:45
  Given I have a valid pet ID 10                          # StepDefinations.StepDefinations.i_have_a_valid_pet_id(java.lang.Integer)
Request URL: /pet/10
Response Status Code: 200
Response Body: {"id":10,"category":{"id":10,"name":"Dogs"},"name":"doggie","photoUrls":["string"],"tags":[{"id":0,"name":"string"}],"status":"available"}
  When user sends "GetPetAPI" with "get" http request     # StepDefinations.StepDefinations.user_sends_with_post_http_request(java.lang.String,java.lang.String)
  Then the response status code should be "200"           # StepDefinations.StepDefinations.the_response_status_code_should_be(java.lang.String)
Checking key: name, Expected: doggie, Actual: doggie
  And the response should contain the "name" and "doggie" # StepDefinations.StepDefinations.the_response_should_contain_the_and(java.lang.String,java.lang.String)
]]></system-out>
  </testcase>
  <testcase name="Successfully update an existing pet" classname="Validating Pet API" time="1.156">
    <system-out><![CDATA[
@tag @UpdatePet
Scenario Outline: Successfully update an existing pet                     # src/main/resources/Feature/AddPet.feature:57
  Given a pet with ID 10 exists with name "doggie" and status "available" # StepDefinations.StepDefinations.a_pet_with_id_exists_with_name_and_status(java.lang.Integer,java.lang.String,java.lang.String)
  And I have a valid pet payload with 10 "dogzilla" "pending" for update  # StepDefinations.StepDefinations.i_have_a_valid_pet_payload_with_for_update(int,java.lang.String,java.lang.String)
Request URL: /pet
Response Status Code: 200
Response Body: {"id":10,"category":{"id":10,"name":"Dogs"},"name":"dogzilla","photoUrls":["string"],"tags":[{"id":0,"name":"string"}],"status":"pending"}
  When user sends "UpdatePetAPI" with "put" http request                  # StepDefinations.StepDefinations.user_sends_with_post_http_request(java.lang.String,java.lang.String)
  Then the response status code should be "200"                           # StepDefinations.StepDefinations.the_response_status_code_should_be(java.lang.String)
Checking key: name, Expected: dogzilla, Actual: dogzilla
  And the response should contain the "name" and "dogzilla"               # StepDefinations.StepDefinations.the_response_should_contain_the_and(java.lang.String,java.lang.String)
]]></system-out>
  </testcase>
  <testcase name="Verify if delete pet functionality is working" classname="Validating Pet API" time="0.553">
    <system-out><![CDATA[
@tag @DeletePet
Scenario Outline: Verify if delete pet functionality is working # src/main/resources/Feature/AddPet.feature:69
  Given I have a valid pet ID 10                                # StepDefinations.StepDefinations.i_have_a_valid_pet_id(java.lang.Integer)
Request URL: /pet/10
Response Status Code: 200
Response Body: Pet deleted
  When user sends "DeletePetAPI" with "delete" http request     # StepDefinations.StepDefinations.user_sends_with_post_http_request(java.lang.String,java.lang.String)
  Then the response status code should be "200"                 # StepDefinations.StepDefinations.the_response_status_code_should_be(java.lang.String)
]]></system-out>
  </testcase>
</testsuite>